Arguments: 
  C:\Program Files\nodejs\node.exe C:\Program Files (x86)\Yarn\bin\yarn.js add angular-instantsearch

PATH: 
  C:\Program Files\Git\mingw64\bin;C:\Program Files\Git\usr\bin;C:\Users\esobrino\bin;C:\Program Files\Docker\Docker\Resources\bin;C:\Program Files (x86)\Common Files\Oracle\Java\javapath;C:\ProgramData\Oracle\Java\javapath;C:\Program Files (x86)\Intel\iCLS Client;C:\Program Files\Intel\iCLS Client;C:\WINDOWS\system32;C:\WINDOWS;C:\WINDOWS\System32\Wbem;C:\WINDOWS\System32\WindowsPowerShell\v1.0;C:\Program Files (x86)\Intel\Intel(R) Management Engine Components\DAL;C:\Program Files\Intel\Intel(R) Management Engine Components\DAL;C:\Program Files (x86)\Intel\Intel(R) Management Engine Components\IPT;C:\Program Files\Intel\Intel(R) Management Engine Components\IPT;C:\Program Files (x86)\Panda Security\WaAgent\Common;C:\Users\esobrino\AppData\Roaming\nvm;C:\Program Files\nodejs;C:\Program Files\Git\cmd;C:\Program Files\TortoiseSVN\bin;C:\Program Files\nodejs;C:\Program Files (x86)\Yarn\bin;C:\WINDOWS\System32\OpenSSH;C:\Program Files\Intel\WiFi\bin;C:\Program Files\Common Files\Intel\WirelessCommon;C:\Users\esobrino\AppData\Local\Programs\Python\Python36\Scripts;C:\Users\esobrino\AppData\Local\Programs\Python\Python36;C:\Users\esobrino\AppData\Local\Microsoft\WindowsApps;C:\Program Files\Microsoft VS Code\bin;C:\Users\esobrino\AppData\Roaming\nvm;C:\Program Files\nodejs;C:\Users\esobrino\AppData\Roaming\npm;C:\Users\esobrino\AppData\Local\Yarn\bin

Yarn version: 
  1.6.0

Node version: 
  10.0.0

Platform: 
  win32 x64

Trace: 
  Error: EPERM: operation not permitted, unlink 'C:\Users\esobrino\Documents\esobrino\VECTOR_ITC_GROUP\CURSOS_TUTORIALES\ANGULAR\Angular_Avanzado_DesarrolloCompleto\Angular5_Avanzado_Eimard-master\node_modules\@angular\compiler\node_modules\tslib'

npm manifest: 
  {
    "name": "adminpro2",
    "version": "0.0.0",
    "license": "MIT",
    "scripts": {
      "ng": "ng",
      "start": "ng serve",
      "build": "ng build --prod",
      "test": "ng test",
      "lint": "ng lint",
      "e2e": "ng e2e"
    },
    "private": true,
    "dependencies": {
      "@angular/animations": "^6.0.3",
      "@angular/cdk": "^6.2.0",
      "@angular/common": "^6.0.3",
      "@angular/compiler": "^6.0.3",
      "@angular/core": "^6.0.3",
      "@angular/forms": "^6.0.3",
      "@angular/http": "^6.0.3",
      "@angular/platform-browser": "^6.0.3",
      "@angular/platform-browser-dynamic": "^6.0.3",
      "@angular/router": "^6.0.3",
      "core-js": "^2.4.1",
      "ng2-charts": "^1.6.0",
      "npm": "^6.1.0",
      "rxjs": "^6.2.0",
      "sweetalert": "^2.1.0",
      "web-animations-js": "^2.3.1",
      "zone.js": "^0.8.26"
    },
    "devDependencies": {
      "@angular-devkit/build-angular": "~0.5.0",
      "@angular/cli": "^6.0.7",
      "@angular/compiler-cli": "^6.0.3",
      "@angular/language-service": "^6.0.3",
      "@types/jasmine": "~2.5.53",
      "@types/jasminewd2": "~2.0.2",
      "@types/node": "~6.0.60",
      "codelyzer": "^4.0.1",
      "jasmine-core": "~2.6.2",
      "jasmine-spec-reporter": "~4.1.0",
      "karma": "~1.7.0",
      "karma-chrome-launcher": "~2.1.1",
      "karma-cli": "~1.0.1",
      "karma-coverage-istanbul-reporter": "^1.2.1",
      "karma-jasmine": "~1.1.0",
      "karma-jasmine-html-reporter": "^0.2.2",
      "protractor": "~5.1.2",
      "ts-node": "~3.2.0",
      "tslint": "~5.7.0",
      "typescript": "~2.7.2"
    }
  }

yarn manifest: 
  No manifest

Lockfile: 
  No lockfile
